{"/home/laboratoria/Desktop/SAP003-md-links/lib/index.js": {"path":"/home/laboratoria/Desktop/SAP003-md-links/lib/index.js","statementMap":{"0":{"start":{"line":1,"column":11},"end":{"line":1,"column":24}},"1":{"start":{"line":3,"column":16},"end":{"line":23,"column":1}},"2":{"start":{"line":4,"column":23},"end":{"line":4,"column":25}},"3":{"start":{"line":5,"column":17},"end":{"line":5,"column":19}},"4":{"start":{"line":6,"column":4},"end":{"line":22,"column":6}},"5":{"start":{"line":7,"column":8},"end":{"line":21,"column":10}},"6":{"start":{"line":8,"column":12},"end":{"line":20,"column":13}},"7":{"start":{"line":9,"column":16},"end":{"line":9,"column":59}},"8":{"start":{"line":11,"column":12},"end":{"line":11,"column":69}},"9":{"start":{"line":12,"column":12},"end":{"line":19,"column":14}},"10":{"start":{"line":13,"column":16},"end":{"line":16,"column":18}},"11":{"start":{"line":17,"column":16},"end":{"line":17,"column":31}},"12":{"start":{"line":25,"column":0},"end":{"line":25,"column":25}}},"fnMap":{"0":{"name":"(anonymous_0)","decl":{"start":{"line":3,"column":16},"end":{"line":3,"column":17}},"loc":{"start":{"line":3,"column":26},"end":{"line":23,"column":1}},"line":3},"1":{"name":"(anonymous_1)","decl":{"start":{"line":6,"column":23},"end":{"line":6,"column":24}},"loc":{"start":{"line":6,"column":44},"end":{"line":22,"column":5}},"line":6},"2":{"name":"(anonymous_2)","decl":{"start":{"line":7,"column":34},"end":{"line":7,"column":35}},"loc":{"start":{"line":7,"column":49},"end":{"line":21,"column":9}},"line":7},"3":{"name":"(anonymous_3)","decl":{"start":{"line":12,"column":33},"end":{"line":12,"column":34}},"loc":{"start":{"line":12,"column":41},"end":{"line":19,"column":13}},"line":12}},"branchMap":{"0":{"loc":{"start":{"line":8,"column":12},"end":{"line":20,"column":13}},"type":"if","locations":[{"start":{"line":8,"column":12},"end":{"line":20,"column":13}},{"start":{"line":8,"column":12},"end":{"line":20,"column":13}}],"line":8}},"s":{"0":1,"1":1,"2":2,"3":2,"4":2,"5":2,"6":2,"7":1,"8":1,"9":1,"10":3,"11":3,"12":1},"f":{"0":2,"1":2,"2":2,"3":3},"b":{"0":[1,1]},"_coverageSchema":"43e27e138ebf9cfc5966b082cf9a028302ed4184","hash":"993cf5799de8289b404aa46d461bfc8d7203ebd9"}
}
